Flow report for Orion
Mon Feb 21 18:33:24 2022
Quartus Prime Version 19.1.0 Build 670 09/22/2019 SJ Lite Edition


---------------------
; Table of Contents ;
---------------------
  1. Legal Notice
  2. Flow Summary
  3. Flow Settings
  4. Flow Non-Default Global Settings
  5. Flow Elapsed Time
  6. Flow OS Summary
  7. Flow Log
  8. Flow Messages
  9. Flow Suppressed Messages



----------------
; Legal Notice ;
----------------
Copyright (C) 2019  Intel Corporation. All rights reserved.
Your use of Intel Corporation's design tools, logic functions 
and other software and tools, and any partner logic 
functions, and any output files from any of the foregoing 
(including device programming or simulation files), and any 
associated documentation or information are expressly subject 
to the terms and conditions of the Intel Program License 
Subscription Agreement, the Intel Quartus Prime License Agreement,
the Intel FPGA IP License Agreement, or other applicable license
agreement, including, without limitation, that your use is for
the sole purpose of programming logic devices manufactured by
Intel and sold by Intel or its authorized distributors.  Please
refer to the applicable agreement for further details, at
https://fpgasoftware.intel.com/eula.



+----------------------------------------------------------------------------------+
; Flow Summary                                                                     ;
+------------------------------------+---------------------------------------------+
; Flow Status                        ; Successful - Mon Feb 21 18:32:57 2022       ;
; Quartus Prime Version              ; 19.1.0 Build 670 09/22/2019 SJ Lite Edition ;
; Revision Name                      ; Orion                                       ;
; Top-level Entity Name              ; Orion                                       ;
; Family                             ; Cyclone IV E                                ;
; Device                             ; EP4CE115F29I7                               ;
; Timing Models                      ; Final                                       ;
; Total logic elements               ; 86,348 / 114,480 ( 75 % )                   ;
;     Total combinational functions  ; 68,237 / 114,480 ( 60 % )                   ;
;     Dedicated logic registers      ; 68,375 / 114,480 ( 60 % )                   ;
; Total registers                    ; 68385                                       ;
; Total pins                         ; 165 / 529 ( 31 % )                          ;
; Total virtual pins                 ; 0                                           ;
; Total memory bits                  ; 1,037,984 / 3,981,312 ( 26 % )              ;
; Embedded Multiplier 9-bit elements ; 266 / 532 ( 50 % )                          ;
; Total PLLs                         ; 4 / 4 ( 100 % )                             ;
+------------------------------------+---------------------------------------------+


+-----------------------------------------+
; Flow Settings                           ;
+-------------------+---------------------+
; Option            ; Setting             ;
+-------------------+---------------------+
; Start date & time ; 02/21/2022 18:22:28 ;
; Main task         ; Compilation         ;
; Revision Name     ; Orion               ;
+-------------------+---------------------+


+-----------------------------------------------------------------------------------------------------------------------------+
; Flow Non-Default Global Settings                                                                                            ;
+-----------------------------------------+----------------------------------------+---------------+-------------+------------+
; Assignment Name                         ; Value                                  ; Default Value ; Entity Name ; Section Id ;
+-----------------------------------------+----------------------------------------+---------------+-------------+------------+
; ADV_NETLIST_OPT_SYNTH_WYSIWYG_REMAP     ; On                                     ; Off           ; --          ; --         ;
; ALLOW_POWER_UP_DONT_CARE                ; Off                                    ; On            ; --          ; --         ;
; ALLOW_REGISTER_RETIMING                 ; Off                                    ; On            ; --          ; --         ;
; AUTO_MERGE_PLLS                         ; Off                                    ; On            ; --          ; --         ;
; COMPILER_SIGNATURE_ID                   ; 27214215738555.164545694808944         ; --            ; --          ; --         ;
; FITTER_AUTO_EFFORT_DESIRED_SLACK_MARGIN ; 1 ns                                   ; 0 ns          ; --          ; --         ;
; MAX_CORE_JUNCTION_TEMP                  ; 100                                    ; --            ; --          ; --         ;
; MIN_CORE_JUNCTION_TEMP                  ; -40                                    ; --            ; --          ; --         ;
; MISC_FILE                               ; PLL_IF.ppf                             ; --            ; --          ; --         ;
; MISC_FILE                               ; C122_PLL_bb.v                          ; --            ; --          ; --         ;
; MISC_FILE                               ; C122_PLL.ppf                           ; --            ; --          ; --         ;
; MISC_FILE                               ; tx_pll_bb.v                            ; --            ; --          ; --         ;
; MISC_FILE                               ; tx_pll.ppf                             ; --            ; --          ; --         ;
; MISC_FILE                               ; PLL_30MHz_bb.v                         ; --            ; --          ; --         ;
; MISC_FILE                               ; PLL_30MHz.ppf                          ; --            ; --          ; --         ;
; NUM_PARALLEL_PROCESSORS                 ; All                                    ; --            ; --          ; --         ;
; OPTIMIZATION_MODE                       ; High Performance Effort                ; Balanced      ; --          ; --         ;
; OUTPUT_IO_TIMING_FAR_END_VMEAS          ; Half Signal Swing                      ; --            ; --          ; --         ;
; OUTPUT_IO_TIMING_FAR_END_VMEAS          ; Half Signal Swing                      ; --            ; --          ; --         ;
; OUTPUT_IO_TIMING_NEAR_END_VMEAS         ; Half Vccio                             ; --            ; --          ; --         ;
; OUTPUT_IO_TIMING_NEAR_END_VMEAS         ; Half Vccio                             ; --            ; --          ; --         ;
; PARTITION_COLOR                         ; -- (Not supported for targeted family) ; --            ; --          ; Top        ;
; PARTITION_FITTER_PRESERVATION_LEVEL     ; -- (Not supported for targeted family) ; --            ; --          ; Top        ;
; PARTITION_NETLIST_TYPE                  ; -- (Not supported for targeted family) ; --            ; --          ; Top        ;
; PLACEMENT_EFFORT_MULTIPLIER             ; 4.0                                    ; 1.0           ; --          ; --         ;
; POWER_BOARD_THERMAL_MODEL               ; None (CONSERVATIVE)                    ; --            ; --          ; --         ;
; POWER_PRESET_COOLING_SOLUTION           ; 15 MM HEAT SINK WITH STILL AIR         ; --            ; --          ; --         ;
; POWER_USE_DEVICE_CHARACTERISTICS        ; MAXIMUM                                ; TYPICAL       ; --          ; --         ;
; POWER_USE_TA_VALUE                      ; 17                                     ; 25            ; --          ; --         ;
; PRE_FLOW_SCRIPT_FILE                    ; quartus_sh:make_datetime.tcl           ; --            ; --          ; --         ;
; ROUTER_TIMING_OPTIMIZATION_LEVEL        ; MAXIMUM                                ; Normal        ; --          ; --         ;
; SEARCH_PATH                             ; ethernet/                              ; --            ; --          ; --         ;
; SEARCH_PATH                             ; Polyphase_FIR/                         ; --            ; --          ; --         ;
; VERILOG_INPUT_VERSION                   ; SystemVerilog_2005                     ; Verilog_2001  ; --          ; --         ;
; VERILOG_SHOW_LMF_MAPPING_MESSAGES       ; Off                                    ; --            ; --          ; --         ;
+-----------------------------------------+----------------------------------------+---------------+-------------+------------+


+--------------------------------------------------------------------------------------------------------------------------+
; Flow Elapsed Time                                                                                                        ;
+----------------------+--------------+-------------------------+---------------------+------------------------------------+
; Module Name          ; Elapsed Time ; Average Processors Used ; Peak Virtual Memory ; Total CPU Time (on all processors) ;
+----------------------+--------------+-------------------------+---------------------+------------------------------------+
; Analysis & Synthesis ; 00:02:24     ; 1.1                     ; 5751 MB             ; 00:02:34                           ;
; Fitter               ; 00:07:38     ; 1.7                     ; 8644 MB             ; 00:36:27                           ;
; Assembler            ; 00:00:06     ; 1.0                     ; 5027 MB             ; 00:00:06                           ;
; Timing Analyzer      ; 00:00:26     ; 2.3                     ; 6004 MB             ; 00:00:50                           ;
; Total                ; 00:10:34     ; --                      ; --                  ; 00:39:57                           ;
+----------------------+--------------+-------------------------+---------------------+------------------------------------+


+------------------------------------------------------------------------------------+
; Flow OS Summary                                                                    ;
+----------------------+------------------+------------+------------+----------------+
; Module Name          ; Machine Hostname ; OS Name    ; OS Version ; Processor type ;
+----------------------+------------------+------------+------------+----------------+
; Analysis & Synthesis ; DESKTOP-KUG70KC  ; Windows 10 ; 10.0       ; x86_64         ;
; Fitter               ; DESKTOP-KUG70KC  ; Windows 10 ; 10.0       ; x86_64         ;
; Assembler            ; DESKTOP-KUG70KC  ; Windows 10 ; 10.0       ; x86_64         ;
; Timing Analyzer      ; DESKTOP-KUG70KC  ; Windows 10 ; 10.0       ; x86_64         ;
+----------------------+------------------+------------+------------+----------------+


------------
; Flow Log ;
------------
quartus_map --read_settings_files=on --write_settings_files=off Orion -c Orion
quartus_fit --read_settings_files=off --write_settings_files=off Orion -c Orion
quartus_asm --read_settings_files=off --write_settings_files=off Orion -c Orion
quartus_sta Orion -c Orion



